[    13.369] (WW) Failed to open protocol names file lib/xorg/protocol.txt
[    13.369] 
X.Org X Server 1.20.4
X Protocol Version 11, Revision 0
[    13.369] Build Operating System: Linux Arch Linux
[    13.369] Current Operating System: Linux memeMachine 5.1.3-arch1-1-ARCH #1 SMP PREEMPT Thu May 16 20:59:36 UTC 2019 x86_64
[    13.369] Kernel command line: BOOT_IMAGE=/vmlinuz-linux root=UUID=2ffee790-59af-4716-a7c4-e20cc01eba23 rw quiet rootflags=data=writeback libata.force=1:noncq
[    13.370] Build Date: 27 February 2019  04:04:00PM
[    13.370]  
[    13.370] Current version of pixman: 0.38.4
[    13.370] 	Before reporting problems, check http://wiki.x.org
	to make sure that you have the latest version.
[    13.370] Markers: (--) probed, (**) from config file, (==) default setting,
	(++) from command line, (!!) notice, (II) informational,
	(WW) warning, (EE) error, (NI) not implemented, (??) unknown.
[    13.370] (==) Log file: "/home/jakub/.config/xorg/Xorg.0.log", Time: Sun May 26 15:55:31 2019
[    13.372] (==) Using config file: "/etc/X11/xorg.conf"
[    13.372] (==) Using config directory: "/etc/X11/xorg.conf.d"
[    13.372] (==) Using system config directory "/usr/share/X11/xorg.conf.d"
[    13.373] (==) No Layout section.  Using the first Screen section.
[    13.373] (==) No screen section available. Using defaults.
[    13.373] (**) |-->Screen "Default Screen Section" (0)
[    13.373] (**) |   |-->Monitor "<default monitor>"
[    13.374] (==) No device specified for screen "Default Screen Section".
	Using the first device section listed.
[    13.374] (**) |   |-->Device "Card0"
[    13.374] (==) No monitor specified for screen "Default Screen Section".
	Using a default monitor configuration.
[    13.374] (==) Automatically adding devices
[    13.374] (==) Automatically enabling devices
[    13.374] (==) Automatically adding GPU devices
[    13.374] (==) Automatically binding GPU devices
[    13.374] (==) Max clients allowed: 256, resource mask: 0x1fffff
[    13.376] (WW) The directory "/usr/share/fonts/Type1" does not exist.
[    13.376] 	Entry deleted from font path.
[    13.378] (==) FontPath set to:
	/usr/share/fonts/misc,
	/usr/share/fonts/TTF,
	/usr/share/fonts/OTF,
	/usr/share/fonts/100dpi,
	/usr/share/fonts/75dpi
[    13.378] (==) ModulePath set to "/usr/lib/xorg/modules"
[    13.378] (II) The server relies on udev to provide the list of input devices.
	If no devices become available, reconfigure udev or disable AutoAddDevices.
[    13.378] (II) Module ABI versions:
[    13.378] 	X.Org ANSI C Emulation: 0.4
[    13.378] 	X.Org Video Driver: 24.0
[    13.378] 	X.Org XInput driver : 24.1
[    13.378] 	X.Org Server Extension : 10.0
[    13.379] (++) using VT number 1

[    13.382] (II) systemd-logind: took control of session /org/freedesktop/login1/session/_31
[    13.383] (II) xfree86: Adding drm device (/dev/dri/card0)
[    13.384] (II) systemd-logind: got fd for /dev/dri/card0 226:0 fd 11 paused 0
[    13.390] (--) PCI:*(0@0:2:0) 8086:1626:106b:011b rev 9, Mem @ 0xc0000000/16777216, 0xb0000000/268435456, I/O @ 0x00003000/64, BIOS @ 0x????????/131072
[    13.391] (II) Open ACPI successful (/var/run/acpid.socket)
[    13.391] (II) LoadModule: "glx"
[    13.394] (II) Loading /usr/lib/xorg/modules/extensions/libglx.so
[    13.404] (II) Module glx: vendor="X.Org Foundation"
[    13.404] 	compiled for 1.20.4, module version = 1.0.0
[    13.404] 	ABI class: X.Org Server Extension, version 10.0
[    13.404] (II) LoadModule: "intel"
[    13.405] (II) Loading /usr/lib/xorg/modules/drivers/intel_drv.so
[    13.407] (II) Module intel: vendor="X.Org Foundation"
[    13.407] 	compiled for 1.20.4, module version = 2.99.917
[    13.407] 	Module class: X.Org Video Driver
[    13.407] 	ABI class: X.Org Video Driver, version 24.0
[    13.408] (II) intel: Driver for Intel(R) Integrated Graphics Chipsets:
	i810, i810-dc100, i810e, i815, i830M, 845G, 854, 852GM/855GM, 865G,
	915G, E7221 (i915), 915GM, 945G, 945GM, 945GME, Pineview GM,
	Pineview G, 965G, G35, 965Q, 946GZ, 965GM, 965GME/GLE, G33, Q35, Q33,
	GM45, 4 Series, G45/G43, Q45/Q43, G41, B43
[    13.408] (II) intel: Driver for Intel(R) HD Graphics
[    13.408] (II) intel: Driver for Intel(R) Iris(TM) Graphics
[    13.408] (II) intel: Driver for Intel(R) Iris(TM) Pro Graphics
[    13.408] xf86EnableIOPorts: failed to set IOPL for I/O (Operation not permitted)
[    13.409] (II) intel(0): Using Kernel Mode Setting driver: i915, version 1.6.0 20190207
[    13.409] (II) intel(0): SNA compiled from 2.99.917-863-g6afed33b
[    13.426] (WW) VGA arbiter: cannot open kernel arbiter, no multi-card support
[    13.428] (--) intel(0): Integrated Graphics Chipset: Intel(R) HD Graphics 6000
[    13.428] (--) intel(0): CPU: x86-64, sse2, sse3, ssse3, sse4.1, sse4.2, avx, avx2; using a maximum of 2 threads
[    13.428] (II) intel(0): Creating default Display subsection in Screen section
	"Default Screen Section" for depth/fbbpp 24/32
[    13.428] (==) intel(0): Depth 24, (--) framebuffer bpp 32
[    13.428] (==) intel(0): RGB weight 888
[    13.428] (==) intel(0): Default visual is TrueColor
[    13.428] (**) intel(0): Option "Backlight" "intel_backlight"
[    13.430] (II) intel(0): Output eDP1 has no monitor section
[    13.431] (**) intel(0): Found backlight control interface intel_backlight (type 'raw') for output eDP1
[    13.431] (II) intel(0): Enabled output eDP1
[    13.432] (II) intel(0): Output DP1 has no monitor section
[    13.432] (II) intel(0): Enabled output DP1
[    13.432] (II) intel(0): Output HDMI1 has no monitor section
[    13.432] (II) intel(0): Enabled output HDMI1
[    13.432] (II) intel(0): Output DP2 has no monitor section
[    13.433] (II) intel(0): Enabled output DP2
[    13.433] (II) intel(0): Output HDMI2 has no monitor section
[    13.433] (II) intel(0): Enabled output HDMI2
[    13.433] (--) intel(0): Using a maximum size of 256x256 for hardware cursors
[    13.434] (II) intel(0): Output VIRTUAL1 has no monitor section
[    13.434] (II) intel(0): Enabled output VIRTUAL1
[    13.434] (--) intel(0): Output eDP1 using initial mode 1440x900 on pipe 0
[    13.434] (==) intel(0): TearFree disabled
[    13.434] (==) intel(0): Using gamma correction (1.0, 1.0, 1.0)
[    13.434] (==) intel(0): DPI set to (96, 96)
[    13.434] (II) Loading sub module "dri3"
[    13.434] (II) LoadModule: "dri3"
[    13.434] (II) Module "dri3" already built-in
[    13.434] (II) Loading sub module "dri2"
[    13.434] (II) LoadModule: "dri2"
[    13.434] (II) Module "dri2" already built-in
[    13.434] (II) Loading sub module "present"
[    13.434] (II) LoadModule: "present"
[    13.434] (II) Module "present" already built-in
[    13.438] (II) intel(0): SNA initialized with Broadwell (gen8) backend
[    13.438] (==) intel(0): Backing store enabled
[    13.438] (==) intel(0): Silken mouse disabled
[    13.438] (II) intel(0): HW Cursor enabled
[    13.439] (==) intel(0): DPMS enabled
[    13.439] (==) intel(0): Display hotplug detection enabled
[    13.441] (II) intel(0): [DRI2] Setup complete
[    13.441] (II) intel(0): [DRI2]   DRI driver: i965
[    13.441] (II) intel(0): [DRI2]   VDPAU driver: va_gl
[    13.441] (II) intel(0): direct rendering: DRI2 DRI3 enabled
[    13.441] (II) intel(0): hardware support for Present enabled
[    13.441] (II) Initializing extension Generic Event Extension
[    13.441] (II) Initializing extension SHAPE
[    13.441] (II) Initializing extension MIT-SHM
[    13.441] (II) Initializing extension XInputExtension
[    13.441] (II) Initializing extension XTEST
[    13.441] (II) Initializing extension BIG-REQUESTS
[    13.441] (II) Initializing extension SYNC
[    13.441] (II) Initializing extension XKEYBOARD
[    13.441] (II) Initializing extension XC-MISC
[    13.441] (II) Initializing extension SECURITY
[    13.441] (II) Initializing extension XFIXES
[    13.441] (II) Initializing extension RENDER
[    13.441] (II) Initializing extension RANDR
[    13.441] (II) Initializing extension COMPOSITE
[    13.441] (II) Initializing extension DAMAGE
[    13.441] (II) Initializing extension MIT-SCREEN-SAVER
[    13.441] (II) Initializing extension DOUBLE-BUFFER
[    13.441] (II) Initializing extension RECORD
[    13.441] (II) Initializing extension DPMS
[    13.441] (II) Initializing extension Present
[    13.441] (II) Initializing extension DRI3
[    13.441] (II) Initializing extension X-Resource
[    13.441] (II) Initializing extension XVideo
[    13.441] (II) Initializing extension XVideo-MotionCompensation
[    13.441] (II) Initializing extension GLX
[    13.473] (II) AIGLX: Loaded and initialized i965
[    13.473] (II) GLX: Initialized DRI2 GL provider for screen 0
[    13.473] (II) Initializing extension XFree86-VidModeExtension
[    13.473] (II) Initializing extension XFree86-DGA
[    13.473] (II) Initializing extension XFree86-DRI
[    13.473] (II) Initializing extension DRI2
[    13.476] (II) intel(0): switch to mode 1440x900@60.0 on eDP1 using pipe 0, position (0, 0), rotation normal, reflection none
[    13.490] (II) intel(0): Setting screen physical size to 381 x 238
[    13.599] (II) config/udev: Adding input device Power Button (/dev/input/event3)
[    13.599] (**) Power Button: Applying InputClass "libinput keyboard catchall"
[    13.599] (II) LoadModule: "libinput"
[    13.599] (II) Loading /usr/lib/xorg/modules/input/libinput_drv.so
[    13.604] (II) Module libinput: vendor="X.Org Foundation"
[    13.604] 	compiled for 1.20.3, module version = 0.28.2
[    13.604] 	Module class: X.Org XInput Driver
[    13.604] 	ABI class: X.Org XInput driver, version 24.1
[    13.604] (II) Using input driver 'libinput' for 'Power Button'
[    13.605] (II) systemd-logind: got fd for /dev/input/event3 13:67 fd 18 paused 0
[    13.605] (**) Power Button: always reports core events
[    13.605] (**) Option "Device" "/dev/input/event3"
[    13.605] (**) Option "_source" "server/udev"
[    13.614] (II) event3  - Power Button: is tagged by udev as: Keyboard
[    13.614] (II) event3  - Power Button: device is a keyboard
[    13.614] (II) event3  - Power Button: device removed
[    13.614] (**) Option "config_info" "udev:/sys/devices/LNXSYSTM:00/LNXPWRBN:00/input/input3/event3"
[    13.614] (II) XINPUT: Adding extended input device "Power Button" (type: KEYBOARD, id 6)
[    13.615] (II) event3  - Power Button: is tagged by udev as: Keyboard
[    13.615] (II) event3  - Power Button: device is a keyboard
[    13.616] (II) config/udev: Adding input device Video Bus (/dev/input/event9)
[    13.616] (**) Video Bus: Applying InputClass "libinput keyboard catchall"
[    13.616] (II) Using input driver 'libinput' for 'Video Bus'
[    13.617] (II) systemd-logind: got fd for /dev/input/event9 13:73 fd 21 paused 0
[    13.617] (**) Video Bus: always reports core events
[    13.617] (**) Option "Device" "/dev/input/event9"
[    13.617] (**) Option "_source" "server/udev"
[    13.618] (II) event9  - Video Bus: is tagged by udev as: Keyboard
[    13.618] (II) event9  - Video Bus: device is a keyboard
[    13.618] (II) event9  - Video Bus: device removed
[    13.618] (**) Option "config_info" "udev:/sys/devices/LNXSYSTM:00/LNXSYBUS:00/PNP0A08:00/LNXVIDEO:00/input/input9/event9"
[    13.618] (II) XINPUT: Adding extended input device "Video Bus" (type: KEYBOARD, id 7)
[    13.620] (II) event9  - Video Bus: is tagged by udev as: Keyboard
[    13.620] (II) event9  - Video Bus: device is a keyboard
[    13.621] (II) config/udev: Adding input device Power Button (/dev/input/event1)
[    13.621] (**) Power Button: Applying InputClass "libinput keyboard catchall"
[    13.621] (II) Using input driver 'libinput' for 'Power Button'
[    13.622] (II) systemd-logind: got fd for /dev/input/event1 13:65 fd 22 paused 0
[    13.622] (**) Power Button: always reports core events
[    13.622] (**) Option "Device" "/dev/input/event1"
[    13.622] (**) Option "_source" "server/udev"
[    13.623] (II) event1  - Power Button: is tagged by udev as: Keyboard
[    13.623] (II) event1  - Power Button: device is a keyboard
[    13.623] (II) event1  - Power Button: device removed
[    13.623] (**) Option "config_info" "udev:/sys/devices/LNXSYSTM:00/LNXSYBUS:00/PNP0C0C:00/input/input1/event1"
[    13.623] (II) XINPUT: Adding extended input device "Power Button" (type: KEYBOARD, id 8)
[    13.624] (II) event1  - Power Button: is tagged by udev as: Keyboard
[    13.624] (II) event1  - Power Button: device is a keyboard
[    13.625] (II) config/udev: Adding input device Lid Switch (/dev/input/event0)
[    13.625] (II) No input driver specified, ignoring this device.
[    13.625] (II) This device may have been added with another device file.
[    13.626] (II) config/udev: Adding input device Sleep Button (/dev/input/event2)
[    13.626] (**) Sleep Button: Applying InputClass "libinput keyboard catchall"
[    13.626] (II) Using input driver 'libinput' for 'Sleep Button'
[    13.627] (II) systemd-logind: got fd for /dev/input/event2 13:66 fd 23 paused 0
[    13.627] (**) Sleep Button: always reports core events
[    13.627] (**) Option "Device" "/dev/input/event2"
[    13.627] (**) Option "_source" "server/udev"
[    13.628] (II) event2  - Sleep Button: is tagged by udev as: Keyboard
[    13.628] (II) event2  - Sleep Button: device is a keyboard
[    13.628] (II) event2  - Sleep Button: device removed
[    13.628] (**) Option "config_info" "udev:/sys/devices/LNXSYSTM:00/LNXSYBUS:00/PNP0C0E:00/input/input2/event2"
[    13.628] (II) XINPUT: Adding extended input device "Sleep Button" (type: KEYBOARD, id 9)
[    13.629] (II) event2  - Sleep Button: is tagged by udev as: Keyboard
[    13.629] (II) event2  - Sleep Button: device is a keyboard
[    13.630] (II) config/udev: Adding input device HDA Intel HDMI HDMI/DP,pcm=3 (/dev/input/event8)
[    13.630] (II) No input driver specified, ignoring this device.
[    13.630] (II) This device may have been added with another device file.
[    13.631] (II) config/udev: Adding input device HDA Intel HDMI HDMI/DP,pcm=7 (/dev/input/event10)
[    13.631] (II) No input driver specified, ignoring this device.
[    13.631] (II) This device may have been added with another device file.
[    13.631] (II) config/udev: Adding input device HDA Intel HDMI HDMI/DP,pcm=8 (/dev/input/event12)
[    13.631] (II) No input driver specified, ignoring this device.
[    13.631] (II) This device may have been added with another device file.
[    13.632] (II) config/udev: Adding input device HDA Intel HDMI HDMI/DP,pcm=9 (/dev/input/event13)
[    13.632] (II) No input driver specified, ignoring this device.
[    13.632] (II) This device may have been added with another device file.
[    13.632] (II) config/udev: Adding input device HDA Intel HDMI HDMI/DP,pcm=10 (/dev/input/event14)
[    13.632] (II) No input driver specified, ignoring this device.
[    13.632] (II) This device may have been added with another device file.
[    13.633] (II) config/udev: Adding input device Apple Inc. Apple Internal Keyboard / Trackpad (/dev/input/event11)
[    13.633] (**) Apple Inc. Apple Internal Keyboard / Trackpad: Applying InputClass "libinput keyboard catchall"
[    13.633] (II) Using input driver 'libinput' for 'Apple Inc. Apple Internal Keyboard / Trackpad'
[    13.635] (II) systemd-logind: got fd for /dev/input/event11 13:75 fd 24 paused 0
[    13.635] (**) Apple Inc. Apple Internal Keyboard / Trackpad: always reports core events
[    13.635] (**) Option "Device" "/dev/input/event11"
[    13.635] (**) Option "_source" "server/udev"
[    13.637] (II) event11 - Apple Inc. Apple Internal Keyboard / Trackpad: is tagged by udev as: Keyboard
[    13.637] (II) event11 - Apple Inc. Apple Internal Keyboard / Trackpad: device is a keyboard
[    13.637] (II) event11 - Apple Inc. Apple Internal Keyboard / Trackpad: device removed
[    13.637] (**) Option "config_info" "udev:/sys/devices/pci0000:00/0000:00:14.0/usb1/1-5/1-5:1.1/0003:05AC:0291.0002/input/input11/event11"
[    13.637] (II) XINPUT: Adding extended input device "Apple Inc. Apple Internal Keyboard / Trackpad" (type: KEYBOARD, id 10)
[    13.639] (II) event11 - Apple Inc. Apple Internal Keyboard / Trackpad: is tagged by udev as: Keyboard
[    13.639] (II) event11 - Apple Inc. Apple Internal Keyboard / Trackpad: device is a keyboard
[    13.640] (II) config/udev: Adding input device bcm5974 (/dev/input/event4)
[    13.640] (**) bcm5974: Applying InputClass "libinput touchpad catchall"
[    13.640] (**) bcm5974: Applying InputClass "touchpad catchall"
[    13.640] (**) bcm5974: Applying InputClass "Default clickpad buttons"
[    13.640] (**) bcm5974: Applying InputClass "Disable clickpad buttons on Apple touchpads"
[    13.640] (**) bcm5974: Applying InputClass "Touchpads"
[    13.640] (II) LoadModule: "mtrack"
[    13.641] (WW) Warning, couldn't open module mtrack
[    13.641] (EE) Failed to load module "mtrack" (module does not exist, 0)
[    13.641] (EE) No input driver matching `mtrack'
[    13.641] (II) Falling back to input driver `libinput'
[    13.641] (II) Using input driver 'libinput' for 'bcm5974'
[    13.642] (II) systemd-logind: got fd for /dev/input/event4 13:68 fd 25 paused 0
[    13.642] (**) bcm5974: always reports core events
[    13.642] (**) Option "Device" "/dev/input/event4"
[    13.642] (**) Option "_source" "server/udev"
[    13.643] (II) event4  - bcm5974: is tagged by udev as: Touchpad
[    13.685] (II) event4  - bcm5974: device is a touchpad
[    13.685] (II) event4  - bcm5974: device removed
[    13.685] (**) Option "Tapping" "on"
[    13.685] (**) Option "config_info" "udev:/sys/devices/pci0000:00/0000:00:14.0/usb1/1-5/1-5:1.2/input/input4/event4"
[    13.685] (II) XINPUT: Adding extended input device "bcm5974" (type: TOUCHPAD, id 11)
[    13.686] (**) Option "AccelerationScheme" "none"
[    13.686] (**) bcm5974: (accel) selected scheme none/0
[    13.686] (**) bcm5974: (accel) acceleration factor: 2.000
[    13.686] (**) bcm5974: (accel) acceleration threshold: 4
[    13.687] (II) event4  - bcm5974: is tagged by udev as: Touchpad
[    13.697] (II) event4  - bcm5974: device is a touchpad
[    13.698] (II) config/udev: Adding input device bcm5974 (/dev/input/mouse0)
[    13.698] (**) bcm5974: Ignoring device from InputClass "touchpad ignore duplicates"
[    13.698] (II) config/udev: Adding input device HDA Intel PCH Mic (/dev/input/event6)
[    13.698] (II) No input driver specified, ignoring this device.
[    13.698] (II) This device may have been added with another device file.
[    13.698] (II) config/udev: Adding input device HDA Intel PCH Headphone (/dev/input/event7)
[    13.698] (II) No input driver specified, ignoring this device.
[    13.698] (II) This device may have been added with another device file.
[    13.699] (II) config/udev: Adding input device PC Speaker (/dev/input/event5)
[    13.699] (II) No input driver specified, ignoring this device.
[    13.699] (II) This device may have been added with another device file.
[    15.441] (II) intel(0): EDID vendor "APP", prod id 40159
[    15.441] (II) intel(0): Printing DDC gathered Modelines:
[    15.441] (II) intel(0): Modeline "1440x900"x0.0   91.54  1440 1504 1546 1652  900 903 909 926 -hsync -vsync (55.4 kHz eP)
