[2019-05-27 19:08:07,010][DEBUG   ]: First run of TexText. Enforcing DEBUG mode.          //  __init__.py:141  
[2019-05-27 19:08:07,010][DEBUG   ]: TexText initialized          //  __init__.py:150  
[2019-05-27 19:08:07,010][DEBUG   ]: TexText version = '0.10.1' (md5sum = c44d4a36b7c7ed55f4f9fbdef0f7a7c9)          //  __init__.py:152  
[2019-05-27 19:08:07,010][DEBUG   ]: platform.system() = 'Linux'          //  __init__.py:154  
[2019-05-27 19:08:07,010][DEBUG   ]: platform.release() = '5.1.3-arch1-1-ARCH'          //  __init__.py:155  
[2019-05-27 19:08:07,011][DEBUG   ]: platform.version() = '#1 SMP PREEMPT Thu May 16 20:59:36 UTC 2019'          //  __init__.py:156  
[2019-05-27 19:08:07,011][DEBUG   ]: platform.machine() = 'x86_64'          //  __init__.py:158  
[2019-05-27 19:08:07,011][DEBUG   ]: platform.uname() = ('Linux', 'memeMachine', '5.1.3-arch1-1-ARCH', '#1 SMP PREEMPT Thu May 16 20:59:36 UTC 2019', 'x86_64', '')          //  __init__.py:159  
[2019-05-27 19:08:07,011][DEBUG   ]: platform.mac_ver() = ('', ('', '', ''), '')          //  __init__.py:160  
[2019-05-27 19:08:07,011][DEBUG   ]: sys.executable = '/usr/bin/python2'          //  __init__.py:162  
[2019-05-27 19:08:07,011][DEBUG   ]: sys.version = '2.7.16 (default, Mar 11 2019, 18:59:25) \n[GCC 8.2.1 20181127]'          //  __init__.py:163  
[2019-05-27 19:08:07,011][DEBUG   ]: os.environ = {'rvm_version': '1.29.2 (master)', 'rvm_path': '/home/jakub/.rvm', 'XDG_SESSION_TYPE': 'tty', 'LOGNAME': 'jakub', 'USER': 'jakub', 'PATH': '/usr/local/sbin:/usr/local/bin:/usr/bin:/usr/lib/jvm/default/bin:/usr/bin/site_perl:/usr/bin/vendor_perl:/usr/bin/core_perl:/home/jakub/.rvm/bin', 'XDG_VTNR': '1', 'HOME': '/home/jakub', 'DISPLAY': ':0', 'XDG_RUNTIME_DIR': '/run/user/1000', 'LANG': 'en_US.UTF-8', 'TERM': 'linux', 'SHELL': '/bin/bash', 'XAUTHORITY': '/home/jakub/.Xauthority', 'JOURNAL_STREAM': '9:21988', 'SHLVL': '2', 'PWD': '/home/jakub', 'WINDOWPATH': '1', '_system_arch': 'x86_64', 'XDG_SESSION_CLASS': 'user', 'rvm_bin_path': '/home/jakub/.rvm/bin', 'rvm_loaded_flag': '1', 'rvm_prefix': '/home/jakub', 'PYTHONPATH': '/usr/share/inkscape/extensions', 'rvm_user_install_flag': '1', '_system_type': 'Linux', 'rvm_stored_umask': '0022', 'XDG_SESSION_ID': '1', 'DBUS_SESSION_BUS_ADDRESS': 'unix:path=/run/user/1000/bus', '_': '/usr/bin/inkscape', 'PACKAGE_LOCALE_DIR': '/usr/share/locale', 'MOZ_PLUGIN_PATH': '/usr/lib/mozilla/plugins', 'LANGUAGE': 'pl', '_system_name': 'Arch', '_system_version': 'libc-2.29', 'MAIL': '/var/spool/mail/jakub', 'INVOCATION_ID': '935ddedc8ee84d9bb55458a7ded86586', 'XDG_SEAT': 'seat0'}          //  __init__.py:164  
[2019-05-27 19:08:07,124][CRITICAL]: + [Fail] TexText requirements          //  requirements_check.py:757  
[2019-05-27 19:08:07,124][SUCCESS ]: /-and-* [Succ] Detect inkscape          //  requirements_check.py:332  
[2019-05-27 19:08:07,124][SUCCESS ]: |      `inkscape` is found at `/usr/bin`          //  requirements_check.py:332  
[2019-05-27 19:08:07,124][SUCCESS ]: /-and-* [Succ] Detect `python2.7`          //  requirements_check.py:332  
[2019-05-27 19:08:07,124][SUCCESS ]: |      python2.7 is found at `/usr/bin/python2`          //  requirements_check.py:332  
[2019-05-27 19:08:07,124][SUCCESS ]: /-and-+ [Succ] Detect *latex          //  requirements_check.py:332  
[2019-05-27 19:08:07,125][SUCCESS ]: |     /--or-* [Succ] `pdflatex` is found at `/usr/bin`          //  requirements_check.py:332  
[2019-05-27 19:08:07,125][SUCCESS ]: |     /--or-* [Succ] `lualatex` is found at `/usr/bin`          //  requirements_check.py:332  
[2019-05-27 19:08:07,125][SUCCESS ]: |     /--or-* [Succ] `xelatex` is found at `/usr/bin`          //  requirements_check.py:332  
[2019-05-27 19:08:07,125][CRITICAL]: /-and-+ [Fail] Detect GUI library          //  requirements_check.py:332  
[2019-05-27 19:08:07,125][CRITICAL]: |      Please follow installation instructions at           //  requirements_check.py:332  
[2019-05-27 19:08:07,125][CRITICAL]: |             [94m[4mhttps://textext.github.io/textext/install/linux.html#linux-install-gui-library[0m          //  requirements_check.py:332  
[2019-05-27 19:08:07,125][CRITICAL]: |     /--or-* [Fail] PyGTK2 is not found          //  requirements_check.py:332  
[2019-05-27 19:08:07,125][CRITICAL]: |     |      Please follow installation instructions at           //  requirements_check.py:332  
[2019-05-27 19:08:07,125][CRITICAL]: |     |             [94m[4mhttps://textext.github.io/textext/install/linux.html#linux-install-pygtk2[0m          //  requirements_check.py:332  
[2019-05-27 19:08:07,125][CRITICAL]: |     /--or-* [Fail] TkInter is not found          //  requirements_check.py:332  
[2019-05-27 19:08:07,125][CRITICAL]: |            Please follow installation instructions at           //  requirements_check.py:332  
[2019-05-27 19:08:07,125][CRITICAL]: |                   [94m[4mhttps://textext.github.io/textext/install/linux.html#linux-install-tkinter[0m          //  requirements_check.py:332  
[2019-05-27 19:08:07,126][CRITICAL]: /-and-+ [Fail] Detect pdf->svg conversion utility          //  requirements_check.py:332  
[2019-05-27 19:08:07,126][CRITICAL]:        Please follow installation instructions at           //  requirements_check.py:332  
[2019-05-27 19:08:07,126][CRITICAL]:               [94m[4mhttps://textext.github.io/textext/install/linux.html#linux-install-pdf-to-svg-converter[0m          //  requirements_check.py:332  
[2019-05-27 19:08:07,126][CRITICAL]:       /--or-+ [Fail] Detect compatible pstoedit+ghostscript versions          //  requirements_check.py:332  
[2019-05-27 19:08:07,126][CRITICAL]:       |      Please follow installation instructions at           //  requirements_check.py:332  
[2019-05-27 19:08:07,126][CRITICAL]:       |             [94m[4mhttps://textext.github.io/textext/install/linux.html#linux-install-pstoedit[0m          //  requirements_check.py:332  
[2019-05-27 19:08:07,126][SUCCESS ]:       |     /-and-+ [Succ]           //  requirements_check.py:332  
[2019-05-27 19:08:07,126][INFO    ]:       |     |     /-not-+ [Fail] Detect incompatible versions of pstoedit+ghostscript          //  requirements_check.py:332  
[2019-05-27 19:08:07,126][INFO    ]:       |     |           /-and-* [Fail] pstoedit=3.70 is not found (but pstoedit=3.73 is found)          //  requirements_check.py:332  
[2019-05-27 19:08:07,126][INFO    ]:       |     |           /-and-* [Fail] ghostscript=9.22 is not found          //  requirements_check.py:332  
[2019-05-27 19:08:07,126][SUCCESS ]:       |     /-and-* [Succ] pstoedit is found          //  requirements_check.py:332  
[2019-05-27 19:08:07,127][CRITICAL]:       |     /-and-* [Fail] ghostscript is not found          //  requirements_check.py:332  
[2019-05-27 19:08:07,127][CRITICAL]:       |            Please follow installation instructions at           //  requirements_check.py:332  
[2019-05-27 19:08:07,127][CRITICAL]:       |                   [94m[4mhttps://textext.github.io/textext/install/linux.html#linux-install-pstoedit[0m          //  requirements_check.py:332  
[2019-05-27 19:08:07,127][CRITICAL]:       |            If ghostscript is installed in custom location, specify it via           //  requirements_check.py:332  
[2019-05-27 19:08:07,127][CRITICAL]:       |                   --ghostscript-executable=<path-to-ghostscript>          //  requirements_check.py:332  
[2019-05-27 19:08:07,127][CRITICAL]:       |            and run setup.py again          //  requirements_check.py:332  
[2019-05-27 19:08:07,127][CRITICAL]:       /--or-* [Fail] Detect pdf2svg:          //  requirements_check.py:332  
[2019-05-27 19:08:07,127][CRITICAL]:              `pdf2svg` is NOT found in PATH          //  requirements_check.py:332  
[2019-05-27 19:08:07,127][CRITICAL]:              Please follow installation instructions at           //  requirements_check.py:332  
[2019-05-27 19:08:07,127][CRITICAL]:                     [94m[4mhttps://textext.github.io/textext/install/linux.html#linux-install-pdf2svg[0m          //  requirements_check.py:332  
[2019-05-27 19:08:07,127][ERROR   ]: TexText requirements are not met. Please follow instructions https://textext.github.io/textext/          //  __init__.py:1177 
[2019-06-02 12:10:57,547][CRITICAL]: + [Fail] TexText requirements          //  requirements_check.py:757  
[2019-06-02 12:10:57,548][SUCCESS ]: /-and-* [Succ] Detect inkscape          //  requirements_check.py:332  
[2019-06-02 12:10:57,548][SUCCESS ]: |      `inkscape` is found at `/usr/bin`          //  requirements_check.py:332  
[2019-06-02 12:10:57,548][SUCCESS ]: /-and-* [Succ] Detect `python2.7`          //  requirements_check.py:332  
[2019-06-02 12:10:57,548][SUCCESS ]: |      python2.7 is found at `/usr/bin/python2`          //  requirements_check.py:332  
[2019-06-02 12:10:57,549][SUCCESS ]: /-and-+ [Succ] Detect *latex          //  requirements_check.py:332  
[2019-06-02 12:10:57,549][SUCCESS ]: |     /--or-* [Succ] `pdflatex` is found at `/usr/bin`          //  requirements_check.py:332  
[2019-06-02 12:10:57,549][SUCCESS ]: |     /--or-* [Succ] `lualatex` is found at `/usr/bin`          //  requirements_check.py:332  
[2019-06-02 12:10:57,549][SUCCESS ]: |     /--or-* [Succ] `xelatex` is found at `/usr/bin`          //  requirements_check.py:332  
[2019-06-02 12:10:57,549][CRITICAL]: /-and-+ [Fail] Detect GUI library          //  requirements_check.py:332  
[2019-06-02 12:10:57,549][CRITICAL]: |      Please follow installation instructions at           //  requirements_check.py:332  
[2019-06-02 12:10:57,549][CRITICAL]: |             [94m[4mhttps://textext.github.io/textext/install/linux.html#linux-install-gui-library[0m          //  requirements_check.py:332  
[2019-06-02 12:10:57,550][CRITICAL]: |     /--or-* [Fail] PyGTK2 is not found          //  requirements_check.py:332  
[2019-06-02 12:10:57,550][CRITICAL]: |     |      Please follow installation instructions at           //  requirements_check.py:332  
[2019-06-02 12:10:57,550][CRITICAL]: |     |             [94m[4mhttps://textext.github.io/textext/install/linux.html#linux-install-pygtk2[0m          //  requirements_check.py:332  
[2019-06-02 12:10:57,550][CRITICAL]: |     /--or-* [Fail] TkInter is not found          //  requirements_check.py:332  
[2019-06-02 12:10:57,550][CRITICAL]: |            Please follow installation instructions at           //  requirements_check.py:332  
[2019-06-02 12:10:57,550][CRITICAL]: |                   [94m[4mhttps://textext.github.io/textext/install/linux.html#linux-install-tkinter[0m          //  requirements_check.py:332  
[2019-06-02 12:10:57,550][CRITICAL]: /-and-+ [Fail] Detect pdf->svg conversion utility          //  requirements_check.py:332  
[2019-06-02 12:10:57,550][CRITICAL]:        Please follow installation instructions at           //  requirements_check.py:332  
[2019-06-02 12:10:57,550][CRITICAL]:               [94m[4mhttps://textext.github.io/textext/install/linux.html#linux-install-pdf-to-svg-converter[0m          //  requirements_check.py:332  
[2019-06-02 12:10:57,550][CRITICAL]:       /--or-+ [Fail] Detect compatible pstoedit+ghostscript versions          //  requirements_check.py:332  
[2019-06-02 12:10:57,550][CRITICAL]:       |      Please follow installation instructions at           //  requirements_check.py:332  
[2019-06-02 12:10:57,551][CRITICAL]:       |             [94m[4mhttps://textext.github.io/textext/install/linux.html#linux-install-pstoedit[0m          //  requirements_check.py:332  
[2019-06-02 12:10:57,551][SUCCESS ]:       |     /-and-+ [Succ]           //  requirements_check.py:332  
[2019-06-02 12:10:57,551][INFO    ]:       |     |     /-not-+ [Fail] Detect incompatible versions of pstoedit+ghostscript          //  requirements_check.py:332  
[2019-06-02 12:10:57,551][INFO    ]:       |     |           /-and-* [Fail] pstoedit=3.70 is not found (but pstoedit=3.73 is found)          //  requirements_check.py:332  
[2019-06-02 12:10:57,551][INFO    ]:       |     |           /-and-* [Fail] ghostscript=9.22 is not found          //  requirements_check.py:332  
[2019-06-02 12:10:57,551][SUCCESS ]:       |     /-and-* [Succ] pstoedit is found          //  requirements_check.py:332  
[2019-06-02 12:10:57,551][CRITICAL]:       |     /-and-* [Fail] ghostscript is not found          //  requirements_check.py:332  
[2019-06-02 12:10:57,551][CRITICAL]:       |            Please follow installation instructions at           //  requirements_check.py:332  
[2019-06-02 12:10:57,551][CRITICAL]:       |                   [94m[4mhttps://textext.github.io/textext/install/linux.html#linux-install-pstoedit[0m          //  requirements_check.py:332  
[2019-06-02 12:10:57,552][CRITICAL]:       |            If ghostscript is installed in custom location, specify it via           //  requirements_check.py:332  
[2019-06-02 12:10:57,552][CRITICAL]:       |                   --ghostscript-executable=<path-to-ghostscript>          //  requirements_check.py:332  
[2019-06-02 12:10:57,552][CRITICAL]:       |            and run setup.py again          //  requirements_check.py:332  
[2019-06-02 12:10:57,552][CRITICAL]:       /--or-* [Fail] Detect pdf2svg:          //  requirements_check.py:332  
[2019-06-02 12:10:57,552][CRITICAL]:              `pdf2svg` is NOT found in PATH          //  requirements_check.py:332  
[2019-06-02 12:10:57,552][CRITICAL]:              Please follow installation instructions at           //  requirements_check.py:332  
[2019-06-02 12:10:57,552][CRITICAL]:                     [94m[4mhttps://textext.github.io/textext/install/linux.html#linux-install-pdf2svg[0m          //  requirements_check.py:332  
[2019-06-02 12:10:57,552][ERROR   ]: TexText requirements are not met. Please follow instructions https://textext.github.io/textext/          //  __init__.py:1177 
